

FATAL ERROR:  Unhandled Access Violation Reading 0x0040 Exception at 4c73fba0h

12/10/2019 at 23:44:45.718  Drawing: Drawing1.dwg
-------------


FATAL ERROR:  Unhandled Access Violation Reading 0x0040 Exception at 4c04fba0h

12/10/2019 at 23:48:52.514  Drawing: Drawing1.dwg
-------------


FATAL ERROR:  Unhandled Access Violation Reading 0x0040 Exception at 55ddfba0h

12/11/2019 at 13:59:14.001  Drawing: Drawing1.dwg
-------------


FATAL ERROR:  Unhandled Access Violation Reading 0x0040 Exception at 55ddfba0h

12/11/2019 at 14:01:07.128  Drawing: Drawing1.dwg
-------------


FATAL ERROR:  Unhandled Access Violation Reading 0x0040 Exception at 55ddfba0h

12/11/2019 at 14:07:03.408  Drawing: Drawing1.dwg
-------------


FATAL ERROR:  Unhandled Access Violation Reading 0x0040 Exception at 55ddfba0h

12/11/2019 at 14:10:25.081  Drawing: Drawing1.dwg
-------------


FATAL ERROR:  Unhandled Access Violation Reading 0x0040 Exception at 55ddfba0h

12/11/2019 at 14:13:45.616  Drawing: Drawing1.dwg
-------------


FATAL ERROR:  Unhandled Access Violation Reading 0x0040 Exception at 55ddfba0h

12/11/2019 at 14:16:34.696  Drawing: Drawing1.dwg
-------------


FATAL ERROR:  Unhandled Access Violation Reading 0x0040 Exception at 55ddfba0h

12/11/2019 at 14:20:34.104  Drawing: Drawing1.dwg
-------------


FATAL ERROR:  Unhandled Access Violation Reading 0x0040 Exception at 55ddfba0h

12/11/2019 at 14:22:47.659  Drawing: Drawing1.dwg
-------------


FATAL ERROR:  Unhandled Access Violation Reading 0x0040 Exception at 583ffba0h

12/11/2019 at 15:23:11.709  Drawing: D:\SPCTemplate.dwt
-------------


FATAL ERROR:  Unhandled Access Violation Reading 0x0040 Exception at 583ffba0h

12/11/2019 at 15:50:23.293  Drawing: D:\SPCTemplate.dwt
-------------


FATAL ERROR:  Unhandled Access Violation Reading 0x0040 Exception at 4a4efba0h

12/11/2019 at 15:58:33.558  Drawing: D:\SPCTemplate.dwt
-------------


FATAL ERROR:  Unhandled Access Violation Reading 0x0040 Exception at 4971fba0h

12/11/2019 at 16:00:45.309  Drawing: D:\SPCTemplate.dwt
-------------


FATAL ERROR:  Unhandled Access Violation Reading 0x0040 Exception at 3ee3fba0h

12/15/2019 at 22:43:11.024  Drawing: Drawing1.dwg
-------------


FATAL ERROR:  Unhandled Access Violation Reading 0x0040 Exception at 3ee3fba0h

12/15/2019 at 22:44:12.416  Drawing: Drawing1.dwg
-------------


FATAL ERROR:  Unhandled Access Violation Reading 0x0040 Exception at 3ee3fba0h

12/15/2019 at 22:48:11.809  Drawing: Drawing1.dwg
-------------


FATAL ERROR:  Unhandled Access Violation Reading 0x0040 Exception at 4536fba0h

12/16/2019 at 00:10:54.174  Drawing: Drawing1.dwg
-------------


FATAL ERROR:  Unhandled Access Violation Reading 0x0040 Exception at 4076fba0h

07/21/2020 at 15:16:04.255  Drawing: Drawing1.dwg
-------------


FATAL ERROR:  Unhandled e06d7363h Exception at 7c8ea799h

08/17/2020 at 10:44:41.645  Drawing: 
-------------
